[2025-06-18 11:23:10] local.INFO: SQL: select * from `personal_access_tokens` where `personal_access_tokens`.`id` = '12' limit 1  
[2025-06-18 11:23:10] local.INFO: SQL: select * from `users` where `users`.`id` = '5' limit 1  
[2025-06-18 11:23:10] local.INFO: SQL: update `personal_access_tokens` set `last_used_at` = '2025-06-18 11:23:10', `personal_access_tokens`.`updated_at` = '2025-06-18 11:23:10' where `id` = '12'  
[2025-06-18 11:24:59] local.INFO: SQL: select * from `personal_access_tokens` where `personal_access_tokens`.`id` = '12' limit 1  
[2025-06-18 11:24:59] local.INFO: SQL: select * from `users` where `users`.`id` = '5' limit 1  
[2025-06-18 11:24:59] local.INFO: SQL: update `personal_access_tokens` set `last_used_at` = '2025-06-18 11:24:59', `personal_access_tokens`.`updated_at` = '2025-06-18 11:24:59' where `id` = '12'  
[2025-06-18 11:25:05] local.INFO: SQL: select * from `personal_access_tokens` where `personal_access_tokens`.`id` = '12' limit 1  
[2025-06-18 11:25:05] local.INFO: SQL: select * from `users` where `users`.`id` = '5' limit 1  
[2025-06-18 11:25:05] local.INFO: SQL: update `personal_access_tokens` set `last_used_at` = '2025-06-18 11:25:05', `personal_access_tokens`.`updated_at` = '2025-06-18 11:25:05' where `id` = '12'  
[2025-06-18 11:25:15] local.INFO: SQL: select * from `personal_access_tokens` where `personal_access_tokens`.`id` = '12' limit 1  
[2025-06-18 11:25:15] local.INFO: SQL: select * from `users` where `users`.`id` = '5' limit 1  
[2025-06-18 11:25:15] local.INFO: SQL: update `personal_access_tokens` set `last_used_at` = '2025-06-18 11:25:15', `personal_access_tokens`.`updated_at` = '2025-06-18 11:25:15' where `id` = '12'  
[2025-06-18 11:25:47] local.INFO: SQL: select * from `personal_access_tokens` where `personal_access_tokens`.`id` = '12' limit 1  
[2025-06-18 11:25:47] local.INFO: SQL: select * from `users` where `users`.`id` = '5' limit 1  
[2025-06-18 11:25:47] local.INFO: SQL: update `personal_access_tokens` set `last_used_at` = '2025-06-18 11:25:47', `personal_access_tokens`.`updated_at` = '2025-06-18 11:25:47' where `id` = '12'  
[2025-06-18 11:28:51] local.INFO: SQL: select * from `personal_access_tokens` where `personal_access_tokens`.`id` = '12' limit 1  
[2025-06-18 11:28:51] local.INFO: SQL: select * from `users` where `users`.`id` = '5' limit 1  
[2025-06-18 11:28:51] local.INFO: SQL: update `personal_access_tokens` set `last_used_at` = '2025-06-18 11:28:51', `personal_access_tokens`.`updated_at` = '2025-06-18 11:28:51' where `id` = '12'  
[2025-06-18 11:35:23] local.INFO: SQL: select * from `personal_access_tokens` where `personal_access_tokens`.`id` = '12' limit 1  
[2025-06-18 11:35:23] local.INFO: SQL: select * from `users` where `users`.`id` = '5' limit 1  
[2025-06-18 11:35:23] local.INFO: SQL: update `personal_access_tokens` set `last_used_at` = '2025-06-18 11:35:23', `personal_access_tokens`.`updated_at` = '2025-06-18 11:35:23' where `id` = '12'  
[2025-06-18 11:36:34] local.INFO: SQL: select * from `personal_access_tokens` where `personal_access_tokens`.`id` = '12' limit 1  
[2025-06-18 11:36:34] local.INFO: SQL: select * from `users` where `users`.`id` = '5' limit 1  
[2025-06-18 11:36:34] local.INFO: SQL: update `personal_access_tokens` set `last_used_at` = '2025-06-18 11:36:34', `personal_access_tokens`.`updated_at` = '2025-06-18 11:36:34' where `id` = '12'  
[2025-06-18 11:38:27] local.INFO: SQL: select * from `personal_access_tokens` where `personal_access_tokens`.`id` = '12' limit 1  
[2025-06-18 11:38:27] local.INFO: SQL: select * from `users` where `users`.`id` = '5' limit 1  
[2025-06-18 11:38:27] local.INFO: SQL: update `personal_access_tokens` set `last_used_at` = '2025-06-18 11:38:27', `personal_access_tokens`.`updated_at` = '2025-06-18 11:38:27' where `id` = '12'  
[2025-06-18 11:40:37] local.INFO: SQL: select * from `personal_access_tokens` where `personal_access_tokens`.`id` = '12' limit 1  
[2025-06-18 11:40:37] local.INFO: SQL: select * from `users` where `users`.`id` = '5' limit 1  
[2025-06-18 11:40:37] local.INFO: SQL: update `personal_access_tokens` set `last_used_at` = '2025-06-18 11:40:37', `personal_access_tokens`.`updated_at` = '2025-06-18 11:40:37' where `id` = '12'  
[2025-06-18 11:50:23] local.INFO: SQL: select * from `personal_access_tokens` where `personal_access_tokens`.`id` = '12' limit 1  
[2025-06-18 11:50:23] local.INFO: SQL: select * from `users` where `users`.`id` = '5' limit 1  
[2025-06-18 11:50:23] local.INFO: SQL: update `personal_access_tokens` set `last_used_at` = '2025-06-18 11:50:23', `personal_access_tokens`.`updated_at` = '2025-06-18 11:50:23' where `id` = '12'  
[2025-06-18 11:59:47] local.INFO: SQL: select * from `personal_access_tokens` where `personal_access_tokens`.`id` = '12' limit 1  
[2025-06-18 11:59:47] local.INFO: SQL: select * from `users` where `users`.`id` = '5' limit 1  
[2025-06-18 11:59:47] local.INFO: SQL: update `personal_access_tokens` set `last_used_at` = '2025-06-18 11:59:47', `personal_access_tokens`.`updated_at` = '2025-06-18 11:59:47' where `id` = '12'  
[2025-06-18 12:01:50] local.INFO: SQL: select * from `personal_access_tokens` where `personal_access_tokens`.`id` = '12' limit 1  
[2025-06-18 12:01:50] local.INFO: SQL: select * from `users` where `users`.`id` = '5' limit 1  
[2025-06-18 12:01:50] local.INFO: SQL: update `personal_access_tokens` set `last_used_at` = '2025-06-18 12:01:50', `personal_access_tokens`.`updated_at` = '2025-06-18 12:01:50' where `id` = '12'  
[2025-06-18 12:01:50] local.INFO: BranchStoreRequest received data: {"country_id":"101","contact_number":"9876543210","state_id":"201","name":"Testing Branch API-1","map_longitude":"77.594566","map_city":"Mumbai","whatsapp_no":"9876543210","map_state":"Maharashtra","city_id":"301","map_latitude":"12.9715987","map_district":"Mumbai District","address":"123 Main St, City, State, 12345","branch_type":"1","short_description":"ljh lkjh lkjh","branch_services":"Oil Change,Tire Replacement,Brake Inspection","branch_supported_vehicle_type":"3","email":"jhon@example.com","branch_map":"lkjh lkjhlk","branch_banner1":{"Illuminate\\Http\\UploadedFile":"C:\\xampp\\tmp\\php481.tmp"},"branch_logo":{"Illuminate\\Http\\UploadedFile":"C:\\xampp\\tmp\\php482.tmp"},"branch_banner2":{"Illuminate\\Http\\UploadedFile":"C:\\xampp\\tmp\\php483.tmp"},"branch_banner3":{"Illuminate\\Http\\UploadedFile":"C:\\xampp\\tmp\\php484.tmp"},"deliverables_img_name":[{"Illuminate\\Http\\UploadedFile":"C:\\xampp\\tmp\\php485.tmp"},{"Illuminate\\Http\\UploadedFile":"C:\\xampp\\tmp\\php486.tmp"},{"Illuminate\\Http\\UploadedFile":"C:\\xampp\\tmp\\php497.tmp"},{"Illuminate\\Http\\UploadedFile":"C:\\xampp\\tmp\\php498.tmp"}]} 
[2025-06-18 12:04:04] local.INFO: SQL: select * from `personal_access_tokens` where `personal_access_tokens`.`id` = '12' limit 1  
[2025-06-18 12:04:04] local.INFO: SQL: select * from `users` where `users`.`id` = '5' limit 1  
[2025-06-18 12:04:04] local.INFO: SQL: update `personal_access_tokens` set `last_used_at` = '2025-06-18 12:04:04', `personal_access_tokens`.`updated_at` = '2025-06-18 12:04:04' where `id` = '12'  
[2025-06-18 12:04:04] local.INFO: SQL: select exists(select * from `branches` where `email` = 'jhon@example.com' and `branches`.`deleted_at` is null) as `exists`  
[2025-06-18 12:04:04] local.INFO: SQL: select exists(select * from `branches` where `contact_number` = '9876543210' and `branches`.`deleted_at` is null) as `exists`  
[2025-06-18 12:08:06] local.INFO: SQL: select * from `personal_access_tokens` where `personal_access_tokens`.`id` = '12' limit 1  
[2025-06-18 12:08:06] local.INFO: SQL: select * from `users` where `users`.`id` = '5' limit 1  
[2025-06-18 12:08:06] local.INFO: SQL: update `personal_access_tokens` set `last_used_at` = '2025-06-18 12:08:06', `personal_access_tokens`.`updated_at` = '2025-06-18 12:08:06' where `id` = '12'  
[2025-06-18 12:08:06] local.INFO: SQL: select exists(select * from `branches` where `email` = 'jhon@example.com' and `branches`.`deleted_at` is null) as `exists`  
[2025-06-18 12:08:06] local.INFO: SQL: select exists(select * from `branches` where `contact_number` = '9876543210' and `branches`.`deleted_at` is null) as `exists`  
[2025-06-18 12:09:07] local.INFO: SQL: select * from `personal_access_tokens` where `personal_access_tokens`.`id` = '12' limit 1  
[2025-06-18 12:09:07] local.INFO: SQL: select * from `users` where `users`.`id` = '5' limit 1  
[2025-06-18 12:09:07] local.INFO: SQL: update `personal_access_tokens` set `last_used_at` = '2025-06-18 12:09:07', `personal_access_tokens`.`updated_at` = '2025-06-18 12:09:07' where `id` = '12'  
[2025-06-18 12:09:07] local.INFO: SQL: select exists(select * from `branches` where `email` = 'jhon@example.com' and `branches`.`deleted_at` is null) as `exists`  
[2025-06-18 12:09:07] local.INFO: SQL: select exists(select * from `branches` where `contact_number` = '9876543210' and `branches`.`deleted_at` is null) as `exists`  
[2025-06-18 12:09:07] local.INFO: SQL: insert into `branches` (`name`, `branch_type`, `branch_supported_vehicle_type`, `branch_services`, `country_id`, `state_id`, `city_id`, `address`, `contact_number`, `whatsapp_no`, `email`, `short_description`, `branch_map`, `map_latitude`, `map_longitude`, `map_city`, `map_district`, `map_state`, `branch_logo`, `branch_banner1`, `branch_banner2`, `branch_banner3`, `dealer_id`, `updated_at`, `created_at`) values ('Testing Branch API-1', '1', '3', 'Oil Change,Tire Replacement,Brake Inspection', '101', '201', '301', '123 Main St, City, State, 12345', '9876543210', '9876543210', 'jhon@example.com', 'ljh lkjh lkjh', 'lkjh lkjhlk', '12.9715987', '77.594566', 'Mumbai', 'Mumbai District', 'Maharashtra', 'branches/logos/YuTgIEnoU7zs0vKDiWktnjlRHjPrhanNWrrRN046.jpg', 'branches/banners/wxKaqCR3jUMBSSe02ev9sH44rvFBiKAD1x9D19q8.jpg', 'branches/banners/AUGVjhcP5ZU0MVlwwMd4v3S0EH7IEbuGg0qRk94b.jpg', 'branches/banners/t6tWxj4VeUju8OQeWlKU1ue2La0EB1wETnmgY2ce.jpg', '5', '2025-06-18 12:09:07', '2025-06-18 12:09:07')  
[2025-06-18 12:09:07] local.INFO: SQL: insert into `branch_deliverable_images` (`img_name`, `type`, `branch_id`, `updated_at`, `created_at`) values ('branches/deliverables/YpmmevujCZyrZi4eRfxfyu2AoxZJPm4Alo7yILuZ.jpg', 'image', '19', '2025-06-18 12:09:07', '2025-06-18 12:09:07')  
[2025-06-18 12:09:07] local.INFO: SQL: insert into `branch_deliverable_images` (`img_name`, `type`, `branch_id`, `updated_at`, `created_at`) values ('branches/deliverables/qIPj95VZVa6LgrSLKeU6ZMn2kp9XDJwHUSgshr3J.jpg', 'image', '19', '2025-06-18 12:09:07', '2025-06-18 12:09:07')  
[2025-06-18 12:09:07] local.INFO: SQL: insert into `branch_deliverable_images` (`img_name`, `type`, `branch_id`, `updated_at`, `created_at`) values ('branches/deliverables/iCdL31rvGB5r1pH2NaeYhlVfTQTUv5R2eRJ9Bf9N.jpg', 'image', '19', '2025-06-18 12:09:07', '2025-06-18 12:09:07')  
[2025-06-18 12:09:07] local.INFO: SQL: insert into `branch_deliverable_images` (`img_name`, `type`, `branch_id`, `updated_at`, `created_at`) values ('branches/deliverables/Mus2b5HjFty3VQNNbInEbRSc4v4te4i23s9dgSPe.jpg', 'image', '19', '2025-06-18 12:09:07', '2025-06-18 12:09:07')  
[2025-06-18 12:09:07] local.INFO: SQL: select * from `users` where `users`.`id` in (5)  
[2025-06-18 12:09:07] local.INFO: SQL: select * from `branch_deliverable_images` where `branch_deliverable_images`.`branch_id` in (19) and `branch_deliverable_images`.`deleted_at` is null  
[2025-06-18 12:09:07] local.INFO: SQL: select * from `branch_ratings` where `branch_ratings`.`branch_id` in (19) and `branch_ratings`.`deleted_at` is null  
[2025-06-18 12:09:07] local.INFO: SQL: select * from `countries` where `countries`.`id` = '101' limit 1  
[2025-06-18 12:09:07] local.INFO: SQL: select * from `states` where `states`.`id` = '201' limit 1  
[2025-06-18 12:09:07] local.INFO: SQL: select * from `cities` where `cities`.`id` = '301' limit 1  
[2025-06-18 12:18:39] local.INFO: SQL: select * from `personal_access_tokens` where `personal_access_tokens`.`id` = '12' limit 1  
[2025-06-18 12:18:39] local.INFO: SQL: select * from `users` where `users`.`id` = '5' limit 1  
[2025-06-18 12:18:39] local.INFO: SQL: update `personal_access_tokens` set `last_used_at` = '2025-06-18 12:18:39', `personal_access_tokens`.`updated_at` = '2025-06-18 12:18:39' where `id` = '12'  
[2025-06-18 12:18:39] local.INFO: SQL: select exists(select * from `branches` where `email` = 'jhon@example.com' and `branches`.`deleted_at` is null) as `exists`  
[2025-06-18 12:18:39] local.INFO: SQL: select exists(select * from `branches` where `contact_number` = '9876543210' and `branches`.`deleted_at` is null) as `exists`  
[2025-06-18 12:18:53] local.INFO: SQL: select * from `personal_access_tokens` where `personal_access_tokens`.`id` = '12' limit 1  
[2025-06-18 12:18:53] local.INFO: SQL: select * from `users` where `users`.`id` = '5' limit 1  
[2025-06-18 12:18:53] local.INFO: SQL: update `personal_access_tokens` set `last_used_at` = '2025-06-18 12:18:53', `personal_access_tokens`.`updated_at` = '2025-06-18 12:18:53' where `id` = '12'  
[2025-06-18 12:18:53] local.INFO: SQL: select exists(select * from `branches` where `email` = 'jhon11@example.com' and `branches`.`deleted_at` is null) as `exists`  
[2025-06-18 12:18:53] local.INFO: SQL: select exists(select * from `branches` where `contact_number` = '9876543210' and `branches`.`deleted_at` is null) as `exists`  
[2025-06-18 12:19:00] local.INFO: SQL: select * from `personal_access_tokens` where `personal_access_tokens`.`id` = '12' limit 1  
[2025-06-18 12:19:00] local.INFO: SQL: select * from `users` where `users`.`id` = '5' limit 1  
[2025-06-18 12:19:00] local.INFO: SQL: update `personal_access_tokens` set `last_used_at` = '2025-06-18 12:19:00', `personal_access_tokens`.`updated_at` = '2025-06-18 12:19:00' where `id` = '12'  
[2025-06-18 12:19:00] local.INFO: SQL: select exists(select * from `branches` where `email` = 'jhon11@example.com' and `branches`.`deleted_at` is null) as `exists`  
[2025-06-18 12:19:00] local.INFO: SQL: select exists(select * from `branches` where `contact_number` = '9876543211' and `branches`.`deleted_at` is null) as `exists`  
[2025-06-18 12:19:01] local.INFO: SQL: insert into `branches` (`name`, `branch_type`, `branch_supported_vehicle_type`, `branch_services`, `country_id`, `state_id`, `city_id`, `address`, `contact_number`, `whatsapp_no`, `email`, `short_description`, `branch_map`, `map_latitude`, `map_longitude`, `map_city`, `map_district`, `map_state`, `branch_logo`, `branch_banner1`, `branch_banner2`, `branch_banner3`, `dealer_id`, `updated_at`, `created_at`) values ('API Branch -2', '2', '3', 'Oil Change,Tire Replacement,Brake Inspection,Service -1', '101', '201', '301', '123 Main St, City, State, 12345', '9876543211', '9876543210', 'jhon11@example.com', 'kiyut glhg kjhg kjhg', 'l khjgkhjgk', '12.9715987', '77.594566', 'Mumbai', 'Mumbai District', 'Maharashtra', 'branches/logos/nmxfkLDdwzSteKCHdVIYUuj77ZzOf7bxhRmkGNIu.jpg', 'branches/banners/Afw9QM9NPQ3xi150jt6JRPlUh1fqybkCimEBr2C1.jpg', 'branches/banners/5ktPED1hLcbZjegDE2FxssKWrjPJwsA4qJ8IqKa1.jpg', 'branches/banners/ZeR6KjtI3ZukY9MxDAEHDBPxuU5P6FyuLPawur1N.jpg', '5', '2025-06-18 12:19:01', '2025-06-18 12:19:01')  
[2025-06-18 12:19:01] local.INFO: SQL: insert into `branch_deliverable_images` (`img_name`, `type`, `branch_id`, `updated_at`, `created_at`) values ('branches/deliverables/cTT80yziTY4U2BZFuIJogrDzrUjWXRUyFzP12ZHv.jpg', 'image', '20', '2025-06-18 12:19:01', '2025-06-18 12:19:01')  
[2025-06-18 12:19:01] local.INFO: SQL: insert into `branch_deliverable_images` (`img_name`, `type`, `branch_id`, `updated_at`, `created_at`) values ('branches/deliverables/wP4GrNBCHsLTgWj6NYhBXqRJuVVVXEoVdiavid6e.jpg', 'image', '20', '2025-06-18 12:19:01', '2025-06-18 12:19:01')  
[2025-06-18 12:19:01] local.INFO: SQL: insert into `branch_deliverable_images` (`img_name`, `type`, `branch_id`, `updated_at`, `created_at`) values ('branches/deliverables/YTAuMQCjztLoAoW44TLdkqWRxLURkkL9oN2fMrsV.jpg', 'image', '20', '2025-06-18 12:19:01', '2025-06-18 12:19:01')  
[2025-06-18 12:19:01] local.INFO: SQL: insert into `branch_deliverable_images` (`img_name`, `type`, `branch_id`, `updated_at`, `created_at`) values ('branches/deliverables/hbSTKRgjx6IWaa2T9CUPCqOtr0JzrEKl9glZYGe3.jpg', 'image', '20', '2025-06-18 12:19:01', '2025-06-18 12:19:01')  
[2025-06-18 12:19:01] local.INFO: SQL: select * from `users` where `users`.`id` in (5)  
[2025-06-18 12:19:01] local.INFO: SQL: select * from `branch_deliverable_images` where `branch_deliverable_images`.`branch_id` in (20) and `branch_deliverable_images`.`deleted_at` is null  
[2025-06-18 12:19:01] local.INFO: SQL: select * from `branch_ratings` where `branch_ratings`.`branch_id` in (20) and `branch_ratings`.`deleted_at` is null  
[2025-06-18 12:19:01] local.INFO: SQL: select * from `countries` where `countries`.`id` = '101' limit 1  
[2025-06-18 12:19:01] local.INFO: SQL: select * from `states` where `states`.`id` = '201' limit 1  
[2025-06-18 12:19:01] local.INFO: SQL: select * from `cities` where `cities`.`id` = '301' limit 1  
[2025-06-18 12:23:19] local.INFO: SQL: select * from `personal_access_tokens` where `personal_access_tokens`.`id` = '12' limit 1  
[2025-06-18 12:23:19] local.INFO: SQL: select * from `users` where `users`.`id` = '5' limit 1  
[2025-06-18 12:23:19] local.INFO: SQL: update `personal_access_tokens` set `last_used_at` = '2025-06-18 12:23:19', `personal_access_tokens`.`updated_at` = '2025-06-18 12:23:19' where `id` = '12'  
[2025-06-18 12:23:19] local.INFO: SQL: insert into `branches` (`name`, `branch_type`, `branch_supported_vehicle_type`, `branch_services`, `country_id`, `state_id`, `city_id`, `address`, `contact_number`, `whatsapp_no`, `email`, `short_description`, `branch_map`, `map_latitude`, `map_longitude`, `map_city`, `map_district`, `map_state`, `branch_logo`, `branch_banner1`, `branch_banner2`, `branch_banner3`, `dealer_id`, `updated_at`, `created_at`) values ('API Branch -3', '2', '3', 'Oil Change,Tire Replacement,Brake Inspection,Service -2', '101', '201', '301', '123 Main St, City, State, 12345', '9876543212', '9876543212', 'jhon2@example.com', 'kiyut glhg kjhg kjhg', 'l khjgkhjgk', '12.9715987', '77.594566', 'Mumbai', 'Mumbai District', 'Maharashtra', 'branched/logo/20250618_122319/sEIbuXnl8j8i0YlS0SQOcxUKvZwbXRZ9SrvjS6RY.jpg', 'branched/logo/20250618_122319/u4knYxljmlCdxYwTVJWh5PppLhTivwtJGg1Nn6pF.jpg', 'branched/logo/20250618_122319/6Wm2605IVxrXavVg1GcNhCO9RwauveDsRUVASDGa.jpg', 'branched/logo/20250618_122319/BkWtevdv7jdAoe064Rvi56pnxW0JOTDX7LVwV8Ua.jpg', '5', '2025-06-18 12:23:19', '2025-06-18 12:23:19')  
[2025-06-18 12:23:19] local.INFO: SQL: insert into `branch_deliverable_images` (`img_name`, `type`, `branch_id`, `updated_at`, `created_at`) values ('branched/logo/20250618_122319/deliverables/PcaWOr2jYTo7SpKlco17KatUZcJpPcbdaxeG56Jc.jpg', 'image', '21', '2025-06-18 12:23:19', '2025-06-18 12:23:19')  
[2025-06-18 12:23:19] local.INFO: SQL: insert into `branch_deliverable_images` (`img_name`, `type`, `branch_id`, `updated_at`, `created_at`) values ('branched/logo/20250618_122319/deliverables/WntqLQ5bsTvulIg5XQsA9ys7WbD92L2BJTDKPNlU.jpg', 'image', '21', '2025-06-18 12:23:19', '2025-06-18 12:23:19')  
[2025-06-18 12:23:19] local.INFO: SQL: insert into `branch_deliverable_images` (`img_name`, `type`, `branch_id`, `updated_at`, `created_at`) values ('branched/logo/20250618_122319/deliverables/uOiYwpXBpr0CSjUDRj0bMOYUtd0uzZgAJXoC4OLy.jpg', 'image', '21', '2025-06-18 12:23:19', '2025-06-18 12:23:19')  
[2025-06-18 12:23:19] local.INFO: SQL: insert into `branch_deliverable_images` (`img_name`, `type`, `branch_id`, `updated_at`, `created_at`) values ('branched/logo/20250618_122319/deliverables/Ox3i3fIsJI2UbKkN1FYoAG1EWCzjd9ygrkl9hPXb.jpg', 'image', '21', '2025-06-18 12:23:19', '2025-06-18 12:23:19')  
[2025-06-18 12:23:19] local.INFO: SQL: select * from `users` where `users`.`id` in (5)  
[2025-06-18 12:23:19] local.INFO: SQL: select * from `branch_deliverable_images` where `branch_deliverable_images`.`branch_id` in (21) and `branch_deliverable_images`.`deleted_at` is null  
[2025-06-18 12:23:19] local.INFO: SQL: select * from `branch_ratings` where `branch_ratings`.`branch_id` in (21) and `branch_ratings`.`deleted_at` is null  
[2025-06-18 12:23:19] local.INFO: SQL: select * from `countries` where `countries`.`id` = '101' limit 1  
[2025-06-18 12:23:19] local.INFO: SQL: select * from `states` where `states`.`id` = '201' limit 1  
[2025-06-18 12:23:19] local.INFO: SQL: select * from `cities` where `cities`.`id` = '301' limit 1  
[2025-06-18 12:29:43] local.INFO: SQL: select * from `personal_access_tokens` where `personal_access_tokens`.`id` = '12' limit 1  
[2025-06-18 12:29:43] local.INFO: SQL: select * from `users` where `users`.`id` = '5' limit 1  
[2025-06-18 12:29:43] local.INFO: SQL: update `personal_access_tokens` set `last_used_at` = '2025-06-18 12:29:43', `personal_access_tokens`.`updated_at` = '2025-06-18 12:29:43' where `id` = '12'  
[2025-06-18 12:29:44] local.INFO: SQL: select exists(select * from `branches` where `email` = 'jhon4@example.com' and `branches`.`deleted_at` is null) as `exists`  
[2025-06-18 12:29:44] local.INFO: SQL: select exists(select * from `branches` where `contact_number` = '9876543214' and `branches`.`deleted_at` is null) as `exists`  
[2025-06-18 12:30:37] local.INFO: SQL: select * from `personal_access_tokens` where `personal_access_tokens`.`id` = '12' limit 1  
[2025-06-18 12:30:37] local.INFO: SQL: select * from `users` where `users`.`id` = '5' limit 1  
[2025-06-18 12:30:37] local.INFO: SQL: update `personal_access_tokens` set `last_used_at` = '2025-06-18 12:30:37', `personal_access_tokens`.`updated_at` = '2025-06-18 12:30:37' where `id` = '12'  
[2025-06-18 12:30:37] local.INFO: SQL: select exists(select * from `branches` where `email` = 'jhon4@example.com' and `branches`.`deleted_at` is null) as `exists`  
[2025-06-18 12:30:37] local.INFO: SQL: select exists(select * from `branches` where `contact_number` = '9876543214' and `branches`.`deleted_at` is null) as `exists`  
[2025-06-18 12:30:37] local.INFO: SQL: insert into `branches` (`name`, `branch_type`, `branch_supported_vehicle_type`, `branch_services`, `country_id`, `state_id`, `city_id`, `address`, `contact_number`, `whatsapp_no`, `email`, `short_description`, `branch_map`, `map_latitude`, `map_longitude`, `map_city`, `map_district`, `map_state`, `branch_logo`, `branch_banner1`, `branch_banner2`, `branch_banner3`, `dealer_id`, `updated_at`, `created_at`) values ('API Branch -4', '2', '3', 'Oil Change,Tire Replacement,Brake Inspection,Service -4', '101', '201', '301', '123 Main St, City, State, 12345', '9876543214', '9876543214', 'jhon4@example.com', 'kiyut glhg kjhg kjhg', 'l khjgkhjgk', '12.9715987', '77.594566', 'Mumbai', 'Mumbai District', 'Maharashtra', 'branches/logos/20250618_123037/AJPub3z8slH7LsFANnyFEPP5am2MnCsQyoip9aG2.jpg', 'branches/banners/20250618_123037/o2zES3ZXm0OZQ7AdPzZlQzK7dvOvxeJ54H5glZh6.jpg', 'branches/banners/20250618_123037/Rk70MUmfn18kiNhW151LpmURttku2aUnFxnkHzSf.jpg', 'branches/banners/20250618_123037/BvM0CdOs4vR9z9C4D5WI3YVt0kmhEomn2pbAqR69.jpg', '5', '2025-06-18 12:30:37', '2025-06-18 12:30:37')  
[2025-06-18 12:30:37] local.INFO: SQL: insert into `branch_deliverable_images` (`img_name`, `type`, `branch_id`, `updated_at`, `created_at`) values ('branches/deliverables/20250618_123037/5U08Xvt1Tw6l8mvwyTuajARKnrj1mikp763Pn58S.jpg', 'image', '22', '2025-06-18 12:30:37', '2025-06-18 12:30:37')  
[2025-06-18 12:30:37] local.INFO: SQL: insert into `branch_deliverable_images` (`img_name`, `type`, `branch_id`, `updated_at`, `created_at`) values ('branches/deliverables/20250618_123037/AiYQOT2YdEySk1gNKEepe7UfYXthgfyN4ziEdB6s.jpg', 'image', '22', '2025-06-18 12:30:37', '2025-06-18 12:30:37')  
[2025-06-18 12:30:37] local.INFO: SQL: insert into `branch_deliverable_images` (`img_name`, `type`, `branch_id`, `updated_at`, `created_at`) values ('branches/deliverables/20250618_123037/G8bHTMsj2dXy4xUQJ1jZreilPTWgNGODgefvhxPk.jpg', 'image', '22', '2025-06-18 12:30:37', '2025-06-18 12:30:37')  
[2025-06-18 12:30:37] local.INFO: SQL: insert into `branch_deliverable_images` (`img_name`, `type`, `branch_id`, `updated_at`, `created_at`) values ('branches/deliverables/20250618_123037/ydhV0MD47sI1vv59dlVzuHU1fQ1N60YyYgT9RbM9.jpg', 'image', '22', '2025-06-18 12:30:37', '2025-06-18 12:30:37')  
[2025-06-18 12:30:37] local.INFO: SQL: select * from `users` where `users`.`id` in (5)  
[2025-06-18 12:30:37] local.INFO: SQL: select * from `branch_deliverable_images` where `branch_deliverable_images`.`branch_id` in (22) and `branch_deliverable_images`.`deleted_at` is null  
[2025-06-18 12:30:37] local.INFO: SQL: select * from `branch_ratings` where `branch_ratings`.`branch_id` in (22) and `branch_ratings`.`deleted_at` is null  
[2025-06-18 12:30:37] local.INFO: SQL: select * from `countries` where `countries`.`id` = '101' limit 1  
[2025-06-18 12:30:37] local.INFO: SQL: select * from `states` where `states`.`id` = '201' limit 1  
[2025-06-18 12:30:37] local.INFO: SQL: select * from `cities` where `cities`.`id` = '301' limit 1  
